<?xml version="1.0" encoding="UTF-8"?>
<testng-results skipped="0" failed="0" total="1" passed="1">
  <reporter-output>
  </reporter-output>
  <suite name="Default suite" duration-ms="1300" started-at="2020-02-03T07:07:38Z" finished-at="2020-02-03T07:07:39Z">
    <groups>
    </groups>
    <test name="Default test" duration-ms="1300" started-at="2020-02-03T07:07:38Z" finished-at="2020-02-03T07:07:39Z">
      <class name="com.NewProjectFeb02.com.TC017">
        <test-method status="PASS" signature="extentReports()[pri:0, instance:com.NewProjectFeb02.com.TC017@2a18f23c]" name="extentReports" duration-ms="1268" started-at="2020-02-03T01:07:38Z" finished-at="2020-02-03T01:07:39Z">
          <reporter-output>
          </reporter-output>
        </test-method> <!-- extentReports -->
      </class> <!-- com.NewProjectFeb02.com.TC017 -->
    </test> <!-- Default test -->
  </suite> <!-- Default suite -->
</testng-results>
